A51 MACRO ASSEMBLER  TEMP_8051                                                            06/13/2021 17:16:42 PAGE     1


MACRO ASSEMBLER A51 V8.2.7.0
OBJECT MODULE PLACED IN .\Objects\temp_8051.obj
ASSEMBLER INVOKED BY: C:\Keil_v5\C51\BIN\A51.EXE temp_8051.asm SET(SMALL) DEBUG PRINT(.\Listings\temp_8051.lst) OBJECT(.
                      \Objects\temp_8051.obj) EP

LOC  OBJ            LINE     SOURCE

  00B1                 1     EN                      EQU     P3.1
  00B0                 2     RS                      EQU     P3.0
  0030                 3     X                       EQU     30H
  0031                 4     TEMP            EQU     31H
  0032                 5     T                       EQU     32H
  0033                 6     U                       EQU     33H
                       7     
                       8     ;Temperature Sensor LM35
                       9     ;ADC0808 : Resolution 20mV 
                      10     ;Tolerance :  1^C
                      11     ;Measures Upto 50 ^C  i.e max voltage 5V 
                      12     
0000                  13     ORG 0000H
0000 2100             14                     JMP start
                      15     
0003                  16     ORG 0003H
0003 859030           17                     MOV     X,P1                    ;Store Digital output in X
0006 B100             18             CALL    OPERATION                       ;Temp in degree C is X * 2mV * 10  .. 20mv 
                             is resolution Of ADC and 10 is multiplication factor
0008 F100             19             CALL    GET_DIGITS
000A F150             20             CALL    DISPLAY_RESULT
                      21     
000C 32               22     RETI
                      23             
0100                  24     ORG 0100H
                      25             
0100                  26             start:
                      27             
                      28     
0100 75A000           29                     MOV             P2,#00H         ;output LCD Port
0103 7590FF           30                     MOV             P1,#0FFH        ;input ADC Port
                      31             
                      32     
0106 7438             33                     MOV A,#38H      
0108 7150             34             CALL LCD_CMD
010A 740C             35                     MOV A,#0CH
010C 7150             36             CALL LCD_CMD
010E 7401             37                     MOV A,#01H      
0110 7150             38             CALL LCD_CMD
                      39     
                      40     
                      41     
0112 D288             42                     SETB    IT0             ;-ve edge triggered interrupt
0114 D2AF             43                     SETB    EA              ;Enable Global Interrupt
0116 D2A8             44                     SETB    EX0             ;Enable  INT0_bar
                      45     
0118 80FE             46                     JMP     $
                      47     
0150                  48     ORG 0150H
0150                  49     DELAY_15MS:
0150 7E1E             50                     MOV     R6,#30
0152 7FFF             51     delay:  MOV     R7,#255
0154 DFFE             52                     DJNZ    R7,$
0156 DEFA             53                     DJNZ    R6,delay
0158 22               54                     RET
                      55                     
0200                  56     ORG     0200H
A51 MACRO ASSEMBLER  TEMP_8051                                                            06/13/2021 17:16:42 PAGE     2

0200                  57     MSG_disp: 
0200 EA               58                     MOV     A,R2
0201 900300           59                     MOV     DPTR ,#0300H
0204 93               60                     MOVC    A,@A+DPTR
0205 9100             61                     CALL    LCD_DATA
0207 0A               62                     INC     R2
0208 B400F5           63                     CJNE    A,#00H,MSG_disp
                      64     
020B 22               65                     RET
                      66     
0300                  67     ORG 0300H
0300 54656D70         68     MSG:    DB  "Temperature :",00h
0304 65726174                
0308 75726520                
030C 3A00                    
                      69                             
0350                  70     ORG 0350H
0350                  71     LCD_CMD:
0350 F5A0             72                     MOV     P2,A
0352 C2B0             73                     CLR     RS
0354 D2B1             74                     SETB    EN
0356 3150             75                     CALL    DELAY_15ms
0358 C2B1             76                     CLR     EN
035A 22               77                     RET
                      78     
0400                  79     ORG 0400H
0400                  80     LCD_DATA:
0400 F5A0             81                     MOV     P2,A
0402 D2B0             82                     SETB    RS
0404 D2B1             83                     SETB    EN
0406 3150             84                     CALL    DELAY_15ms
0408 C2B1             85                     CLR     EN
040A 22               86                     RET     
                      87                     
0500                  88     ORG 0500H
0500                  89     OPERATION:
0500 E530             90                     MOV     A,X
0502 B150             91             CALL    MULTIPLY_20
0504 D100             92             CALL    DIVIDE_100
0506 8A31             93                     MOV     TEMP,R2         ;Store Result temp 
0508 22               94                     RET
                      95                     
0550                  96     ORG 0550H
0550                  97     MULTIPLY_20:
0550 75F014           98                     MOV     B,#20
0553 A4               99                     MUL     AB
0554 22              100                     RET
                     101                     
0600                 102     ORG 0600H
0600                 103     DIVIDE_100:
                     104     
                     105     
0600 F8              106                     MOV     R0,A
0601 A9F0            107                     MOV     R1,B
                     108     
0603 7B00            109                     MOV             R3,#00
0605 7A64            110                     MOV     R2,#100
                     111     
                     112     
                     113     
0607                 114     div16_16:
0607 C3              115                     CLR C       ;Clear carry initially
0608 7C00            116                     MOV R4,#00h ;Clear R4 working variable initially
060A 7D00            117                     MOV R5,#00h ;CLear R5 working variable initially
060C 75F000          118                     MOV B,#00h  ;Clear B since B will count the number of left-shifted bits
060F                 119     div1:
A51 MACRO ASSEMBLER  TEMP_8051                                                            06/13/2021 17:16:42 PAGE     3

060F 05F0            120                     INC B      ;Increment counter for each left shift
0611 EA              121                     MOV A,R2   ;Move the current divisor low byte into the accumulator
0612 33              122                     RLC A      ;Shift low-byte left, rotate through carry to apply highest bit 
                             to high-byte
0613 FA              123                     MOV R2,A   ;Save the updated divisor low-byte
0614 EB              124                     MOV A,R3   ;Move the current divisor high byte into the accumulator
0615 33              125                     RLC A      ;Shift high-byte left high, rotating in carry from low-byte
0616 FB              126                     MOV R3,A   ;Save the updated divisor high-byte
0617 50F6            127                     JNC div1   ;Repeat until carry flag is set from high-byte
0619                 128     div2:        ;Shift right the divisor
0619 EB              129                     MOV A,R3   ;Move high-byte of divisor into accumulator
061A 13              130                     RRC A      ;Rotate high-byte of divisor right and into carry
061B FB              131                     MOV R3,A   ;Save updated value of high-byte of divisor
061C EA              132                     MOV A,R2   ;Move low-byte of divisor into accumulator
061D 13              133                     RRC A      ;Rotate low-byte of divisor right, with carry from high-byte
061E FA              134                     MOV R2,A   ;Save updated value of low-byte of divisor
061F C3              135                     CLR C      ;Clear carry, we don't need it anymore
0620 8907            136                     MOV 07h,R1 ;Make a safe copy of the dividend high-byte
0622 8806            137                     MOV 06h,R0 ;Make a safe copy of the dividend low-byte
0624 E8              138                     MOV A,R0   ;Move low-byte of dividend into accumulator
0625 9A              139                     SUBB A,R2  ;Dividend - shifted divisor = result bit (no factor, only 0 or 1)
0626 F8              140                     MOV R0,A   ;Save updated dividend 
0627 E9              141                     MOV A,R1   ;Move high-byte of dividend into accumulator
0628 9B              142                     SUBB A,R3  ;Subtract high-byte of divisor (all together 16-bit substraction)
0629 F9              143                     MOV R1,A   ;Save updated high-byte back in high-byte of divisor
062A 5004            144                     JNC div3   ;If carry flag is NOT set, result is 1
062C A907            145                     MOV R1,07h ;Otherwise result is 0, save copy of divisor to undo subtraction
062E A806            146                     MOV R0,06h
0630                 147     div3:
0630 B3              148                     CPL C      ;Invert carry, so it can be directly copied into result
0631 EC              149                     MOV A,R4 
0632 33              150                     RLC A      ;Shift carry flag into temporary result
0633 FC              151                     MOV R4,A   
0634 ED              152                     MOV A,R5
0635 33              153                     RLC A
0636 FD              154                     MOV R5,A                
0637 D5F0DF          155                     DJNZ B,div2 ;Now count backwards and repeat until "B" is zero
063A AB05            156                     MOV R3,05h  ;Move result to R3/R2
063C AA04            157                     MOV R2,04h  ;Move result to R3/R2
063E 22              158     RET
                     159     
0700                 160     ORG 0700H
0700                 161     GET_DIGITS:
0700 E531            162                     MOV     A,TEMP
0702 75F00A          163                     MOV     B,#10
                     164                     
0705 84              165                     DIV     AB
0706 F532            166                     MOV     T,A             ;Store quotient in tens place
0708 85F033          167                     MOV     U,B             ;Store remainder in units place
070B 22              168     RET
                     169     
0750                 170     ORG 0750H
0750                 171     DISPLAY_RESULT:
0750 7A00            172                     MOV     R2,#00h
0752 5100            173             CALL    MSG_disp
                     174     
0754 74C7            175                     MOV     A,#0C7H
0756 7150            176             CALL    LCD_CMD
                     177                     
0758 E532            178                     MOV     A,T
075A 2430            179                     ADD     A,#30H
075C 9100            180             CALL    LCD_DATA
                     181     
075E E533            182                     MOV     A,U
0760 2430            183                     ADD     A,#30H
0762 9100            184             CALL    LCD_DATA
A51 MACRO ASSEMBLER  TEMP_8051                                                            06/13/2021 17:16:42 PAGE     4

                     185     
0764 745E            186                     MOV     A,#'^'
0766 9100            187             CALL    LCD_DATA
                     188     
0768 7443            189                     MOV     A,#'C'
076A 9100            190             CALL    LCD_DATA
                     191                     
076C 7480            192                     MOV     A,#80H
076E 7150            193                     CALL    LCD_CMD
                     194     
0770 22              195     RET
                     196                     
                     197     END     
A51 MACRO ASSEMBLER  TEMP_8051                                                            06/13/2021 17:16:42 PAGE     5

SYMBOL TABLE LISTING
------ ----- -------


N A M E             T Y P E  V A L U E   ATTRIBUTES

B. . . . . . . . .  D ADDR   00F0H   A   
DELAY. . . . . . .  C ADDR   0152H   A   
DELAY_15MS . . . .  C ADDR   0150H   A   
DISPLAY_RESULT . .  C ADDR   0750H   A   
DIV1 . . . . . . .  C ADDR   060FH   A   
DIV16_16 . . . . .  C ADDR   0607H   A   
DIV2 . . . . . . .  C ADDR   0619H   A   
DIV3 . . . . . . .  C ADDR   0630H   A   
DIVIDE_100 . . . .  C ADDR   0600H   A   
EA . . . . . . . .  B ADDR   00A8H.7 A   
EN . . . . . . . .  B ADDR   00B0H.1 A   
EX0. . . . . . . .  B ADDR   00A8H.0 A   
GET_DIGITS . . . .  C ADDR   0700H   A   
IT0. . . . . . . .  B ADDR   0088H.0 A   
LCD_CMD. . . . . .  C ADDR   0350H   A   
LCD_DATA . . . . .  C ADDR   0400H   A   
MSG. . . . . . . .  C ADDR   0300H   A   
MSG_DISP . . . . .  C ADDR   0200H   A   
MULTIPLY_20. . . .  C ADDR   0550H   A   
OPERATION. . . . .  C ADDR   0500H   A   
P1 . . . . . . . .  D ADDR   0090H   A   
P2 . . . . . . . .  D ADDR   00A0H   A   
P3 . . . . . . . .  D ADDR   00B0H   A   
RS . . . . . . . .  B ADDR   00B0H.0 A   
START. . . . . . .  C ADDR   0100H   A   
T. . . . . . . . .  N NUMB   0032H   A   
TEMP . . . . . . .  N NUMB   0031H   A   
U. . . . . . . . .  N NUMB   0033H   A   
X. . . . . . . . .  N NUMB   0030H   A   


REGISTER BANK(S) USED: 0 


ASSEMBLY COMPLETE.  0 WARNING(S), 0 ERROR(S)
